[debug] > Exec(early(addDefaultCommands), None, None)
[debug] > Exec(addDefaultCommands, None, None)
[debug] > Exec(early(initialize), None, None)
[debug] > Exec(initialize, None, None)
[debug] > Exec(early(addPluginSbtFile="""C:\Users\sang0\AppData\Local\Temp\idea1.sbt"""), None, None)
[debug] > Exec(addPluginSbtFile="""C:\Users\sang0\AppData\Local\Temp\idea1.sbt""", None, None)
[debug] > Exec(boot, None, None)
[debug] > Exec(writeSbtVersion, None, None)
[debug] > Exec(reload, None, None)
[debug] > Exec(sbtStashOnFailure, None, None)
[debug] > Exec(onFailure loadFailed, None, None)
[debug] > Exec(loadp, None, None)
[info] welcome to sbt 1.10.4 (Oracle Corporation Java 20.0.1)
[debug] Load.defaultLoad until apply took 64.3663ms
[debug]           Load.loadUnit: plugins took 83.8636ms
[debug]           Load.loadUnit: defsScala took 0.1393ms
[debug] [Loading] Scanning directory C:\Users\sang0\IdeaProjects\DataHandler\project
[debug]             Load.loadUnit: mkEval took 3.2153ms
[debug] [Loading] Found non-root projects 
[debug] [Loading] Done in C:\Users\sang0\IdeaProjects\DataHandler\project, returning: ()
[debug] deducing auto plugins based on known facts Set(Atom(sbt.plugins.CorePlugin)) and clauses Clauses(Clause(Atom(sbt.plugins.JvmPlugin),Set(Atom(sbt.plugins.IvyPlugin)))
[debug] Clause(Atom(sbt.ScriptedPlugin),Set(Atom(sbt.plugins.JvmPlugin)))
[debug] Clause(Atom(sbt.plugins.SbtPlugin),Set(Atom(sbt.ScriptedPlugin)))
[debug] Clause(Atom(sbt.plugins.SemanticdbPlugin),Set(Atom(sbt.plugins.JvmPlugin)))
[debug] Clause(Atom(sbt.plugins.JUnitXmlReportPlugin),Set(Atom(sbt.plugins.JvmPlugin)))
[debug] Clause(Atom(sbt.plugins.MiniDependencyTreePlugin),Set(Atom(sbt.plugins.JvmPlugin)))
[debug] Clause(Atom(sbt.plugins.CorePlugin),Set(Atom(sbt.plugins.IvyPlugin)))
[debug] Clause(Atom(sbt.plugins.IvyPlugin),Set(Atom(sbt.plugins.JvmPlugin)))
[debug] Clause(Atom(sbt.plugins.JvmPlugin),Set(Atom(sbt.plugins.SemanticdbPlugin)))
[debug] Clause(Atom(sbt.plugins.JvmPlugin),Set(Atom(sbt.plugins.JUnitXmlReportPlugin)))
[debug] Clause(Atom(sbt.plugins.CorePlugin),Set(Atom(sbt.plugins.Giter8TemplatePlugin)))
[debug] Clause(Atom(sbt.plugins.JvmPlugin),Set(Atom(sbt.plugins.MiniDependencyTreePlugin))))
[debug]   :: deduced result: Matched(sbt.plugins.CorePlugin,sbt.plugins.Giter8TemplatePlugin,sbt.plugins.IvyPlugin,sbt.plugins.JvmPlugin,sbt.plugins.MiniDependencyTreePlugin,sbt.plugins.JUnitXmlReportPlugin,sbt.plugins.SemanticdbPlugin)
[debug] Plugins.deducer#function took 8.7013 ms
[info] loading settings for project datahandler-build from assembly.sbt,idea1.sbt ...
[debug]               Load.resolveProject(datahandler-build) took 24.8908ms
[debug]             Load.loadTransitive: finalizeProject(Project(id datahandler-build, base: C:\Users\sang0\IdeaProjects\DataHandler\project, plugins: List(<none>))) took 44.0744ms
[debug] [Loading] Done in C:\Users\sang0\IdeaProjects\DataHandler\project, returning: (datahandler-build)
[debug]           Load.loadUnit: loadedProjectsRaw took 206.0308ms
[debug]           Load.loadUnit: cleanEvalClasses took 8.1238ms
[debug]         Load.loadUnit(file:/C:/Users/sang0/IdeaProjects/DataHandler/project/, ...) took 301.3999ms
[debug]       Load.apply: load took 387.6362ms
[debug]       Load.apply: resolveProjects took 3.2388ms
[debug]       Load.apply: finalTransforms took 40.9521ms
[debug]       Load.apply: config.delegates took 7.8444ms
[debug]       Load.apply: Def.make(settings)... took 478.3423ms
[debug]       Load.apply: structureIndex took 118.2611ms
[debug]       Load.apply: mkStreams took 3.9784ms
[info] loading project definition from C:\Users\sang0\IdeaProjects\DataHandler\project
[debug] Running task... Cancel: Signal, check cycles: false, forcegc: true
[debug]     Load.loadUnit: plugins took 1975.296ms
[debug]     Load.loadUnit: defsScala took 0.0028ms
[debug] [Loading] Scanning directory C:\Users\sang0\IdeaProjects\DataHandler
[debug]       Load.loadUnit: mkEval took 0.3157ms
[debug] [Loading] Found root project root w/ remaining 
[debug] deducing auto plugins based on known facts Set(Atom(sbt.plugins.CorePlugin)) and clauses Clauses(Clause(Atom(sbt.plugins.JvmPlugin),Set(Atom(sbt.plugins.IvyPlugin)))
[debug] Clause(Atom(sbt.ScriptedPlugin),Set(Atom(sbt.plugins.JvmPlugin)))
[debug] Clause(Atom(sbt.plugins.SbtPlugin),Set(Atom(sbt.ScriptedPlugin)))
[debug] Clause(Atom(sbt.plugins.SemanticdbPlugin),Set(Atom(sbt.plugins.JvmPlugin)))
[debug] Clause(Atom(sbt.plugins.JUnitXmlReportPlugin),Set(Atom(sbt.plugins.JvmPlugin)))
[debug] Clause(Atom(sbt.plugins.MiniDependencyTreePlugin),Set(Atom(sbt.plugins.JvmPlugin)))
[debug] Clause(Atom(sbtassembly.AssemblyPlugin),Set(Atom(sbt.plugins.JvmPlugin)))
[debug] Clause(Atom(org.jetbrains.sbt.StructurePlugin),Set(Atom(sbt.plugins.JvmPlugin)))
[debug] Clause(Atom(org.jetbrains.sbt.IdeaShellPlugin),Set(Atom(sbt.plugins.JvmPlugin)))
[debug] Clause(Atom(sbt.plugins.CorePlugin),Set(Atom(sbt.plugins.IvyPlugin)))
[debug] Clause(Atom(sbt.plugins.IvyPlugin),Set(Atom(sbt.plugins.JvmPlugin)))
[debug] Clause(Atom(sbt.plugins.JvmPlugin),Set(Atom(sbt.plugins.SemanticdbPlugin)))
[debug] Clause(Atom(sbt.plugins.JvmPlugin),Set(Atom(sbt.plugins.JUnitXmlReportPlugin)))
[debug] Clause(Atom(sbt.plugins.CorePlugin),Set(Atom(sbt.plugins.Giter8TemplatePlugin)))
[debug] Clause(Atom(sbt.plugins.JvmPlugin),Set(Atom(sbt.plugins.MiniDependencyTreePlugin)))
[debug] Clause(Atom(sbt.plugins.JvmPlugin),Set(Atom(sbtassembly.AssemblyPlugin)))
[debug] Clause(Atom(sbt.plugins.JvmPlugin),Set(Atom(org.jetbrains.sbt.StructurePlugin)))
[debug] Clause(Atom(sbt.plugins.JvmPlugin),Set(Atom(org.jetbrains.sbt.IdeaShellPlugin))))
[debug]   :: deduced result: Matched(sbt.plugins.CorePlugin,sbt.plugins.Giter8TemplatePlugin,sbt.plugins.IvyPlugin,sbt.plugins.JvmPlugin,sbt.plugins.SemanticdbPlugin,sbt.plugins.JUnitXmlReportPlugin,sbtassembly.AssemblyPlugin,org.jetbrains.sbt.IdeaShellPlugin,org.jetbrains.sbt.StructurePlugin,sbt.plugins.MiniDependencyTreePlugin)
[debug] Plugins.deducer#function took 1.831 ms
[info] loading settings for project root from build.sbt ...
[debug]         Load.resolveProject(root) took 53.8649ms
[debug]       Load.loadTransitive: finalizeProject(Project(id root, base: C:\Users\sang0\IdeaProjects\DataHandler, plugins: List(<none>))) took 56.6633ms
[debug] [Loading] Done in C:\Users\sang0\IdeaProjects\DataHandler, returning: (root)
[debug]     Load.loadUnit: loadedProjectsRaw took 140.2751ms
[debug]     Load.loadUnit: cleanEvalClasses took 6.6663ms
[debug]   Load.loadUnit(file:/C:/Users/sang0/IdeaProjects/DataHandler/, ...) took 2123.2355ms
[debug] Load.apply: load took 2137.2461ms
[debug] Load.apply: resolveProjects took 0.1129ms
[debug] Load.apply: finalTransforms took 23.2488ms
[debug] Load.apply: config.delegates took 0.2351ms
[debug] Load.apply: Def.make(settings)... took 89.982ms
[debug] Load.apply: structureIndex took 17.9889ms
[debug] Load.apply: mkStreams took 0.002ms
[info] set current project to DataHandler (in build file:/C:/Users/sang0/IdeaProjects/DataHandler/)
[debug] > Exec(sbtPopOnFailure, None, None)
[debug] > Exec(resumeFromFailure, None, None)
[debug] > Exec(notifyUsersAboutShell, None, None)
[debug] > Exec(iflast shell, None, None)
[debug] > Exec(idea-shell, None, None)
