[debug] > Exec(reload, None, None)
[debug] > Exec(sbtStashOnFailure, None, None)
[debug] > Exec(onFailure loadFailed, None, None)
[debug] > Exec(loadp, None, None)
[info] welcome to sbt 1.10.4 (Oracle Corporation Java 20.0.1)
[debug]             Load.defaultLoad until apply took 2.7071ms
[debug]                       Load.loadUnit: plugins took 48.3662ms
[debug]                       Load.loadUnit: defsScala took 0.0027ms
[debug] [Loading] Scanning directory C:\Users\sang0\IdeaProjects\DataHandler\project
[debug]                         Load.loadUnit: mkEval took 0.2582ms
[debug] [Loading] Found non-root projects 
[debug] [Loading] Done in C:\Users\sang0\IdeaProjects\DataHandler\project, returning: ()
[debug] deducing auto plugins based on known facts Set(Atom(sbt.plugins.CorePlugin)) and clauses Clauses(Clause(Atom(sbt.plugins.JvmPlugin),Set(Atom(sbt.plugins.IvyPlugin)))
[debug] Clause(Atom(sbt.ScriptedPlugin),Set(Atom(sbt.plugins.JvmPlugin)))
[debug] Clause(Atom(sbt.plugins.SbtPlugin),Set(Atom(sbt.ScriptedPlugin)))
[debug] Clause(Atom(sbt.plugins.SemanticdbPlugin),Set(Atom(sbt.plugins.JvmPlugin)))
[debug] Clause(Atom(sbt.plugins.JUnitXmlReportPlugin),Set(Atom(sbt.plugins.JvmPlugin)))
[debug] Clause(Atom(sbt.plugins.MiniDependencyTreePlugin),Set(Atom(sbt.plugins.JvmPlugin)))
[debug] Clause(Atom(sbt.plugins.CorePlugin),Set(Atom(sbt.plugins.IvyPlugin)))
[debug] Clause(Atom(sbt.plugins.IvyPlugin),Set(Atom(sbt.plugins.JvmPlugin)))
[debug] Clause(Atom(sbt.plugins.JvmPlugin),Set(Atom(sbt.plugins.SemanticdbPlugin)))
[debug] Clause(Atom(sbt.plugins.JvmPlugin),Set(Atom(sbt.plugins.JUnitXmlReportPlugin)))
[debug] Clause(Atom(sbt.plugins.CorePlugin),Set(Atom(sbt.plugins.Giter8TemplatePlugin)))
[debug] Clause(Atom(sbt.plugins.JvmPlugin),Set(Atom(sbt.plugins.MiniDependencyTreePlugin))))
[debug]   :: deduced result: Matched(sbt.plugins.CorePlugin,sbt.plugins.Giter8TemplatePlugin,sbt.plugins.IvyPlugin,sbt.plugins.JvmPlugin,sbt.plugins.MiniDependencyTreePlugin,sbt.plugins.JUnitXmlReportPlugin,sbt.plugins.SemanticdbPlugin)
[debug] Plugins.deducer#function took 0.8147 ms
[info] loading settings for project datahandler-build from assembly.sbt,idea.sbt ...
[debug]                           Load.resolveProject(datahandler-build) took 1.5568ms
[debug]                         Load.loadTransitive: finalizeProject(Project(id datahandler-build, base: C:\Users\sang0\IdeaProjects\DataHandler\project, plugins: List(<none>))) took 2.6321ms
[debug] [Loading] Done in C:\Users\sang0\IdeaProjects\DataHandler\project, returning: (datahandler-build)
[debug]                       Load.loadUnit: loadedProjectsRaw took 56.5438ms
[debug]                       Load.loadUnit: cleanEvalClasses took 5.561ms
[debug]                     Load.loadUnit(file:/C:/Users/sang0/IdeaProjects/DataHandler/project/, ...) took 111.0916ms
[debug]                   Load.apply: load took 113.404ms
[debug]                   Load.apply: resolveProjects took 0.1362ms
[debug]                   Load.apply: finalTransforms took 10.6883ms
[debug]                   Load.apply: config.delegates took 0.2427ms
[debug]                   Load.apply: Def.make(settings)... took 48.6554ms
[debug]                   Load.apply: structureIndex took 22.1328ms
[debug]                   Load.apply: mkStreams took 0.0023ms
[info] loading project definition from C:\Users\sang0\IdeaProjects\DataHandler\project
[debug] Running task... Cancel: Signal, check cycles: false, forcegc: true
[debug]                 Load.loadUnit: plugins took 406.4332ms
[debug]                 Load.loadUnit: defsScala took 0.0022ms
[debug] [Loading] Scanning directory C:\Users\sang0\IdeaProjects\DataHandler
[debug]                   Load.loadUnit: mkEval took 0.2657ms
[debug] [Loading] Found root project root w/ remaining 
[debug] deducing auto plugins based on known facts Set(Atom(sbt.plugins.CorePlugin)) and clauses Clauses(Clause(Atom(sbt.plugins.JvmPlugin),Set(Atom(sbt.plugins.IvyPlugin)))
[debug] Clause(Atom(sbt.ScriptedPlugin),Set(Atom(sbt.plugins.JvmPlugin)))
[debug] Clause(Atom(sbt.plugins.SbtPlugin),Set(Atom(sbt.ScriptedPlugin)))
[debug] Clause(Atom(sbt.plugins.SemanticdbPlugin),Set(Atom(sbt.plugins.JvmPlugin)))
[debug] Clause(Atom(sbt.plugins.JUnitXmlReportPlugin),Set(Atom(sbt.plugins.JvmPlugin)))
[debug] Clause(Atom(sbt.plugins.MiniDependencyTreePlugin),Set(Atom(sbt.plugins.JvmPlugin)))
[debug] Clause(Atom(sbtassembly.AssemblyPlugin),Set(Atom(sbt.plugins.JvmPlugin)))
[debug] Clause(Atom(org.jetbrains.sbt.StructurePlugin),Set(Atom(sbt.plugins.JvmPlugin)))
[debug] Clause(Atom(org.jetbrains.sbt.IdeaShellPlugin),Set(Atom(sbt.plugins.JvmPlugin)))
[debug] Clause(Atom(sbt.plugins.CorePlugin),Set(Atom(sbt.plugins.IvyPlugin)))
[debug] Clause(Atom(sbt.plugins.IvyPlugin),Set(Atom(sbt.plugins.JvmPlugin)))
[debug] Clause(Atom(sbt.plugins.JvmPlugin),Set(Atom(sbt.plugins.SemanticdbPlugin)))
[debug] Clause(Atom(sbt.plugins.JvmPlugin),Set(Atom(sbt.plugins.JUnitXmlReportPlugin)))
[debug] Clause(Atom(sbt.plugins.CorePlugin),Set(Atom(sbt.plugins.Giter8TemplatePlugin)))
[debug] Clause(Atom(sbt.plugins.JvmPlugin),Set(Atom(sbt.plugins.MiniDependencyTreePlugin)))
[debug] Clause(Atom(sbt.plugins.JvmPlugin),Set(Atom(sbtassembly.AssemblyPlugin)))
[debug] Clause(Atom(sbt.plugins.JvmPlugin),Set(Atom(org.jetbrains.sbt.StructurePlugin)))
[debug] Clause(Atom(sbt.plugins.JvmPlugin),Set(Atom(org.jetbrains.sbt.IdeaShellPlugin))))
[debug]   :: deduced result: Matched(sbt.plugins.CorePlugin,sbt.plugins.Giter8TemplatePlugin,sbt.plugins.IvyPlugin,sbt.plugins.JvmPlugin,sbt.plugins.SemanticdbPlugin,sbt.plugins.JUnitXmlReportPlugin,sbtassembly.AssemblyPlugin,org.jetbrains.sbt.IdeaShellPlugin,org.jetbrains.sbt.StructurePlugin,sbt.plugins.MiniDependencyTreePlugin)
[debug] Plugins.deducer#function took 0.9969 ms
[info] loading settings for project root from build.sbt ...
[debug]                     Load.resolveProject(root) took 192.8843ms
[debug]                   Load.loadTransitive: finalizeProject(Project(id root, base: C:\Users\sang0\IdeaProjects\DataHandler, plugins: List(<none>))) took 194.2592ms
[debug] [Loading] Done in C:\Users\sang0\IdeaProjects\DataHandler, returning: (root)
[debug]                 Load.loadUnit: loadedProjectsRaw took 276.4019ms
[debug]                 Load.loadUnit: cleanEvalClasses took 7.1748ms
[debug]               Load.loadUnit(file:/C:/Users/sang0/IdeaProjects/DataHandler/, ...) took 690.5523ms
[debug]             Load.apply: load took 692.2753ms
[debug]             Load.apply: resolveProjects took 0.148ms
[debug]             Load.apply: finalTransforms took 41.8895ms
[debug]             Load.apply: config.delegates took 0.1896ms
[debug]             Load.apply: Def.make(settings)... took 55.8551ms
[debug]             Load.apply: structureIndex took 10.954ms
[debug]             Load.apply: mkStreams took 0.0024ms
[info] set current project to DataHandler (in build file:/C:/Users/sang0/IdeaProjects/DataHandler/)
[debug] > Exec(sbtPopOnFailure, None, None)
[debug] > Exec(resumeFromFailure, None, None)
[debug] > Exec(idea-shell, None, None)
[debug] > Exec(, None, None)
[debug] > Exec(idea-shell, None, None)
